Removed Pin From Net: NetName=GND Pin=J4-2
Removed Pin From Net: NetName=NetC9_1 Pin=R17-1
Removed Pin From Net: NetName=GND Pin=R17-2
Removed Pin From Net: NetName=GND Pin=SW1-3
Removed Pin From Net: NetName=GND Pin=SW1-6
Change Component Footprint: Designator=J4 Old Footprint=CON BNC 90deg New Footprint=ROS-71K101-400A5_V
Change Component Footprint: Designator=C8 Old Footprint=FP-C0805C-DN-MFG New Footprint=FP-C0805C106J8RACAUTO-MFG
Change Component Footprint: Designator=R17 Old Footprint=FP-RMCF0805-MFG New Footprint=RESC2013X70X40ML20T20
Change Component Comment : Designator=C8 Old Comment=0.1UF New Comment=10uF
Change Component Comment : Designator=C9 Old Comment=0.01UF New Comment=C0805C103J5RAC7210
Change Component Comment : Designator=R16 Old Comment=1k New Comment=RMCF0805FT1K00
Change Component Comment : Designator=R12 Old Comment=3k New Comment=RMCF0805JT3K00
Change Component Comment : Designator=R17 Old Comment=5.6k New Comment=ERJ-6GEYJ563V
Change Component Comment : Designator=R15 Old Comment=10k New Comment=RMCF0805FT10K0
Change Component Comment : Designator=R14 Old Comment=100k New Comment=RMCF0805FG100K
Change Component Comment : Designator=R13 Old Comment=300O New Comment=RMCF0805JT300R
Change Component Comment : Designator=J4 Old Comment=CON BNC JACK R/A 50 OHM PCB New Comment=71K101-400A5
Change Component Designator: OldDesignator=J5 NewDesignator=J2
Change Component Designator: OldDesignator=J6 NewDesignator=J5
Change Component Designator: OldDesignator=J7 NewDesignator=J6
Change Component Designator: OldDesignator=J8 NewDesignator=J7
Change Component Designator: OldDesignator=J9 NewDesignator=J8
Change Component Designator: OldDesignator=U3 NewDesignator=U2
Change Managed Component Library Link : Designator=C8 Old VaultGUID=B7D15EC3-160A-466F-A46C-7801FE6295A7 New VaultGUID=B7D15EC3-160A-466F-A46C-7801FE6295A7 Old ItemGUID=E7E74801-9185-4251-89B2-24354DD34CA5 New ItemGUID=848F9458-DDC4-45DE-9D05-5C7ED3CCF238 Old RevisionGUID=72A34493-6E6C-4A4F-911E-1B15FBDDDF2A New RevisionGUID=672DE632-EE7B-4291-9CC7-BFF8FEB3897D
Change Managed Component Library Link : Designator=R17 Old VaultGUID=B7D15EC3-160A-466F-A46C-7801FE6295A7 New VaultGUID=B7D15EC3-160A-466F-A46C-7801FE6295A7 Old ItemGUID=04629219-7AE7-4313-BF49-4BD98AB2CC23 New ItemGUID=7DA3E79E-2766-4379-B4BD-73CEBAFC13BD Old RevisionGUID=767923B1-274E-4A65-9E99-D0D85A5FED96 New RevisionGUID=D6AE8288-2205-460F-A661-D4DC8A815495
Change Managed Component Library Link : Designator=J4 Old VaultGUID= New VaultGUID=B7D15EC3-160A-466F-A46C-7801FE6295A7 Old ItemGUID= New ItemGUID=D8A463A0-C0D2-4D7D-ADEE-221A469E3160 Old RevisionGUID= New RevisionGUID=5C9F8072-9D4D-4A2A-96AD-71D23C991027
Change component parameters: Designator = "C8" ("C8"); Footprint = "FP-C0805C-DN-MFG"; UniqueID = "\POUKQWWU\DFVPROZF" ("\POUKQWWU\DFVPROZF")
Change component parameters (AddParameter): Name = "Capacitance"; Value = "10uF"; VariantName = "[No Variations]"
Change component parameters (AddParameter): Name = "Case Code (Imperial)"; Value = "0805"; VariantName = "[No Variations]"
Change component parameters (AddParameter): Name = "Case Code (Metric)"; Value = "2012"; VariantName = "[No Variations]"
Change component parameters (AddParameter): Name = "Case/Package"; Value = "0805"; VariantName = "[No Variations]"
Change component parameters (AddParameter): Name = "Max Operating Temperature"; Value = "125°C"; VariantName = "[No Variations]"
Change component parameters (AddParameter): Name = "Min Operating Temperature"; Value = "-55°C"; VariantName = "[No Variations]"
Change component parameters (AddParameter): Name = "Mount"; Value = "Surface Mount"; VariantName = "[No Variations]"
Change component parameters (AddParameter): Name = "Packaging"; Value = "Tape and Reel"; VariantName = "[No Variations]"
Change component parameters (AddParameter): Name = "Ratings"; Value = "AEC-Q200"; VariantName = "[No Variations]"
Change component parameters (AddParameter): Name = "RoHS Compliant"; Value = "Yes"; VariantName = "[No Variations]"
Change component parameters (AddParameter): Name = "Tolerance"; Value = "5%"; VariantName = "[No Variations]"
Change component parameters (AddParameter): Name = "Voltage Rating"; Value = "10V"; VariantName = "[No Variations]"
Change component parameters: Designator = "J4" ("J4"); Footprint = "CON BNC 90deg"; UniqueID = "\IRTDGOSP\NIRXYYZI" ("\IRTDGOSP\NIRXYYZI")
Change component parameters (AddParameter): Name = "ComponentLink1Description"; Value = "Manufacturer URL"; VariantName = "[No Variations]"
Change component parameters (AddParameter): Name = "ComponentLink1URL"; Value = "http://www.rosenberger.de"; VariantName = "[No Variations]"
Change component parameters (AddParameter): Name = "ComponentLink2Description"; Value = "Datasheet"; VariantName = "[No Variations]"
Change component parameters (AddParameter): Name = "ComponentLink2URL"; Value = "http://rosenberger.de/ok/images/documents/db/71k101-400A5.pdf"; VariantName = "[No Variations]"
Change component parameters (AddParameter): Name = "ComponentLink3Description"; Value = "Package Specification"; VariantName = "[No Variations]"
Change component parameters (AddParameter): Name = "ComponentLink3URL"; Value = "http://rosenberger.de/ok/images/documents/db/71K101-400A5.pdf"; VariantName = "[No Variations]"
Change component parameters (AddParameter): Name = "ComponentLink4Description"; Value = "Series Overview / Design Note"; VariantName = "[No Variations]"
Change component parameters (AddParameter): Name = "ComponentLink4URL"; Value = "http://rosenberger.de/ok/images/documents/spez/71.pdf"; VariantName = "[No Variations]"
Change component parameters (AddParameter): Name = "ComponentLink5Description"; Value = "Webshop / RFQ"; VariantName = "[No Variations]"
Change component parameters (AddParameter): Name = "ComponentLink5URL"; Value = "http://www.rosenberger.com/en/contact/sales/"; VariantName = "[No Variations]"
Change component parameters (AddParameter): Name = "DatasheetVersion"; Value = "a00"; VariantName = "[No Variations]"
Change component parameters (AddParameter): Name = "Design Note"; Value = "Footprint in library is a generic example - only application specific footprint delivers High Performance"; VariantName = "[No Variations]"
Change component parameters (AddParameter): Name = "Manufacturer"; Value = "Rosenberger"; VariantName = "[No Variations]"
Change component parameters (AddParameter): Name = "Mounting Technology"; Value = "Through Hole"; VariantName = "[No Variations]"
Change component parameters (AddParameter): Name = "PackageDescription"; Value = "75R BNC, Straight Jack, 12 x 12 x 15 mm"; VariantName = "[No Variations]"
Change component parameters (AddParameter): Name = "PackageReference"; Value = "71K101-400A5"; VariantName = "[No Variations]"
Change component parameters (AddParameter): Name = "PackageVersion"; Value = "a00"; VariantName = "[No Variations]"
Change component parameters (AddParameter): Name = "PartNumber"; Value = "71K101-400A5"; VariantName = "[No Variations]"
Change component parameters: Designator = "R17" ("R17"); Footprint = "FP-RMCF0805-MFG"; UniqueID = "\POUKQWWU\QJSASMNN" ("\POUKQWWU\QJSASMNN")
Change component parameters (AddParameter): Name = "Manufacturer"; Value = "Panasonic"; VariantName = "[No Variations]"
Change component parameters (AddParameter): Name = "Part Number"; Value = "ERJ-6GEYJ563V"; VariantName = "[No Variations]"
Added Component: Designator=D?(VISH-DO-214AC-2_L)
Add component (AddParameter): Name = "ComponentLink1Description"; Value = "Manufacturer URL"; VariantName = "[No Variations]"
Add component (AddParameter): Name = "ComponentLink1URL"; Value = "http://www.vishay.com/"; VariantName = "[No Variations]"
Add component (AddParameter): Name = "ComponentLink2Description"; Value = "Datasheet"; VariantName = "[No Variations]"
Add component (AddParameter): Name = "ComponentLink2URL"; Value = "http://www.vishay.com/docs/88390/smaj50a.pdf"; VariantName = "[No Variations]"
Add component (AddParameter): Name = "ComponentLink3Description"; Value = "Package Specification"; VariantName = "[No Variations]"
Add component (AddParameter): Name = "ComponentLink3URL"; Value = "http://www.vishay.com/docs/88390/smaj50a.pdf"; VariantName = "[No Variations]"
Add component (AddParameter): Name = "DatasheetVersion"; Value = "12/8/2013"; VariantName = "[No Variations]"
Add component (AddParameter): Name = "ID (uA)"; Value = "1"; VariantName = "[No Variations]"
Add component (AddParameter): Name = "IFSM"; Value = "40 A"; VariantName = "[No Variations]"
Add component (AddParameter): Name = "Manufacturer"; Value = "Vishay Semiconductor"; VariantName = "[No Variations]"
Add component (AddParameter): Name = "Mounting Technology"; Value = "Surface Mount"; VariantName = "[No Variations]"
Add component (AddParameter): Name = "Operating Junction and Storage Temperature Range"; Value = "-55 to 150 degC"; VariantName = "[No Variations]"
Add component (AddParameter): Name = "PackageDescription"; Value = "2-Pin DO-214AC (SMA), Body 4.245 x 2.665 mm"; VariantName = "[No Variations]"
Add component (AddParameter): Name = "PackageReference"; Value = "DO-214AC-2"; VariantName = "[No Variations]"
Add component (AddParameter): Name = "Packing"; Value = "Tape and Reel"; VariantName = "[No Variations]"
Add component (AddParameter): Name = "PartNumber"; Value = "SMAJ10A-E3/61"; VariantName = "[No Variations]"
Add component (AddParameter): Name = "PPPM (W)"; Value = "400, 300"; VariantName = "[No Variations]"
Add component (AddParameter): Name = "RoHS"; Value = "TRUE"; VariantName = "[No Variations]"
Add component (AddParameter): Name = "VBR Uni-Directional (V)"; Value = "6.4 to 231"; VariantName = "[No Variations]"
Add component (AddParameter): Name = "VWM (V)"; Value = "10"; VariantName = "[No Variations]"
Added Pin To Net: NetName=NetC7_1 Pin=D?-1
Added Pin To Net: NetName=GND Pin=D?-2
Added Pin To Net: NetName=GND Pin=J4-MH
Added Pin To Net: NetName=GND Pin=J4-MH
Added Pin To Net: NetName=GND Pin=J4-MH
Added Pin To Net: NetName=GND Pin=J4-MH
Added Pin To Net: NetName=GND Pin=R17-1
Added Pin To Net: NetName=NetC9_1 Pin=R17-2
Added Pin To Net: NetName=+3V3 Pin=U2-4
Change Net Name : Old Net Name=NetJ6_1 New Net Name=NetJ5_1
Added Member To Class: ClassName=Sheet2 Member=Component D? TVS
Added Member To Class: ClassName=Sheet4 Member=Component U2 LM324DR2G
Added Room: Name=r
Added Room: Name=Sheet2
Added Room: Name=Sheet3
Added Room: Name=Sheet4
Added Room: Name=Top Level
