Removed Member From Class: ClassName=Sheet2 Member=D?
Removed Member From Class: ClassName=Sheet2 Member=J2
Change Component Designator: OldDesignator=D5 NewDesignator=D6
Change Component Designator: OldDesignator=D6 NewDesignator=D7
Change Component Designator: OldDesignator=D7 NewDesignator=D8
Change Component Designator: OldDesignator=D8 NewDesignator=D9
Change Component Designator: OldDesignator=D? NewDesignator=D5
Change Component Designator: OldDesignator=J2 NewDesignator=J5
Change Component Designator: OldDesignator=J5 NewDesignator=J6
Change Component Designator: OldDesignator=J6 NewDesignator=J7
Change Component Designator: OldDesignator=J7 NewDesignator=J8
Change Component Designator: OldDesignator=J8 NewDesignator=J9
Change Component Designator: OldDesignator=U2 NewDesignator=U3
Change Net Name : Old Net Name=NetD5_2 New Net Name=NetD6_2
Change Net Name : Old Net Name=NetD6_1 New Net Name=NetD7_1
Change Net Name : Old Net Name=NetD7_1 New Net Name=NetD8_1
Change Net Name : Old Net Name=NetD8_1 New Net Name=NetD9_1
Change Net Name : Old Net Name=NetJ5_1 New Net Name=NetJ6_1
Added Member To Class: ClassName=Sheet2 Member=Component D6 CUS08F30,H3F
Added Member To Class: ClassName=Sheet2 Member=Component J5 5006
Added Member To Class: ClassName=Sheet2 Member=Component J7 5006
Added Member To Class: ClassName=Sheet2 Member=Component J9 5006
Added Room: Name=r
Added Room: Name=Sheet2
Added Room: Name=Sheet3
Added Room: Name=Sheet4
Added Room: Name=Top Level
