Removed Pin From Net: NetName=NetR3_1 Pin=U1-1
Removed Pin From Net: NetName=NetR3_1 Pin=U1-2
Removed Pin From Net: NetName=NetJ1_6 Pin=U1-3
Removed Pin From Net: NetName=NetC2_1 Pin=U1-5
Removed Pin From Net: NetName=NetC1_2 Pin=U1-6
Removed Pin From Net: NetName=NetC1_2 Pin=U1-7
Removed Pin From Net: NetName=NetR8_1 Pin=U2-1
Removed Pin From Net: NetName=NetR8_1 Pin=U2-2
Removed Pin From Net: NetName=NetJ1_4 Pin=U2-3
Removed Pin From Net: NetName=NetC4_1 Pin=U2-5
Removed Pin From Net: NetName=NetC3_2 Pin=U2-6
Removed Pin From Net: NetName=NetC3_2 Pin=U2-7
Removed Member From Class: ClassName=Sheet4 Member=J5
Removed Member From Class: ClassName=Sheet2 Member=J11
Removed Member From Class: ClassName=Sheet4 Member=U3
Change Component Designator: OldDesignator=J? NewDesignator=J4
Change Component Designator: OldDesignator=U1 NewDesignator=U2
Change Component Designator: OldDesignator=U2 NewDesignator=U1
Added Pin To Net: NetName=NetR3_1 Pin=U1-1
Added Pin To Net: NetName=NetR3_1 Pin=U1-2
Added Pin To Net: NetName=NetJ1_6 Pin=U1-3
Added Pin To Net: NetName=NetC2_1 Pin=U1-5
Added Pin To Net: NetName=NetC1_2 Pin=U1-6
Added Pin To Net: NetName=NetC1_2 Pin=U1-7
Added Pin To Net: NetName=NetR8_1 Pin=U2-1
Added Pin To Net: NetName=NetR8_1 Pin=U2-2
Added Pin To Net: NetName=NetJ1_4 Pin=U2-3
Added Pin To Net: NetName=NetC4_1 Pin=U2-5
Added Pin To Net: NetName=NetC3_2 Pin=U2-6
Added Pin To Net: NetName=NetC3_2 Pin=U2-7
Change Net Name : Old Net Name=NetU2_8 New Net Name=NetU1_8
Change Net Name : Old Net Name=NetU2_13 New Net Name=NetU1_13
Added Member To Class: ClassName=Sheet4 Member=Component J2 5006
Added Member To Class: ClassName=Sheet4 Member=Component J3 5006
Added Member To Class: ClassName=Sheet2 Member=Component J5 5006
Added Member To Class: ClassName=Sheet2 Member=Component J6 PJ-102AH
Added Member To Class: ClassName=Sheet2 Member=Component J8 5006
Added Member To Class: ClassName=Top Level Member=Component J10 61302011821
Added Member To Class: ClassName=Sheet4 Member=Component U2 LM324DR2G
Added Room: Name=r
Added Room: Name=Sheet2
Added Room: Name=Sheet3
Added Room: Name=Sheet4
Added Room: Name=Top Level
