Add Component: Footprint Not Found CAPC2013X95X45NL10T25
Add Component: Footprint Not Found CAPC2013X95X45NL10T25
Add Component: Footprint Not Found CAPC2013X95X45NL10T25
Add Component: Footprint Not Found CAPC2013X95X45NL10T25
Add Component: Footprint Not Found CAPC2013X95X45NL10T25
Add Component: Footprint Not Found CAPC2013X95X45NL10T25
Add Component: Footprint Not Found FP-CRCW0603-e3-MFG
Add Component: Footprint Not Found FP-CRCW0603-e3-MFG
Add Component: Footprint Not Found FP-CRCW0603-e3-MFG
Add Component: Footprint Not Found FP-CRCW0603-e3-MFG
Add Component: Footprint Not Found FP-CRCW0603-e3-MFG
Add Component: Footprint Not Found FP-CRCW0603-e3-MFG
Add Component: Footprint Not Found FP-CRCW0603-e3-MFG
Add Component: Footprint Not Found FP-CRCW0603-e3-MFG
Add Component: Footprint Not Found FP-CRCW0603-e3-MFG
Add Component: Footprint Not Found FP-CRCW0603-e3-MFG
Add Pin To Net: Unknown Pin: Pin C1-1
Add Pin To Net: Unknown Pin: Pin C1-2
Add Pin To Net: Unknown Pin: Pin C2-1
Add Pin To Net: Unknown Pin: Pin C2-2
Add Pin To Net: Unknown Pin: Pin C3-1
Add Pin To Net: Unknown Pin: Pin C3-2
Add Pin To Net: Unknown Pin: Pin C4-1
Add Pin To Net: Unknown Pin: Pin C4-2
Add Pin To Net: Unknown Pin: Pin C5-1
Add Pin To Net: Unknown Pin: Pin C5-2
Add Pin To Net: Unknown Pin: Pin C6-1
Add Pin To Net: Unknown Pin: Pin C6-2
Add Pin To Net: Unknown Pin: Pin R2-1
Add Pin To Net: Unknown Pin: Pin R2-2
Add Pin To Net: Unknown Pin: Pin R3-1
Add Pin To Net: Unknown Pin: Pin R3-2
Add Pin To Net: Unknown Pin: Pin R4-1
Add Pin To Net: Unknown Pin: Pin R4-2
Add Pin To Net: Unknown Pin: Pin R5-1
Add Pin To Net: Unknown Pin: Pin R5-1
Add Pin To Net: Unknown Pin: Pin R6-1
Add Pin To Net: Unknown Pin: Pin R6-2
Add Pin To Net: Unknown Pin: Pin R7-1
Add Pin To Net: Unknown Pin: Pin R7-2
Add Pin To Net: Unknown Pin: Pin R8-1
Add Pin To Net: Unknown Pin: Pin R8-2
Add Pin To Net: Unknown Pin: Pin R10-1
Add Pin To Net: Unknown Pin: Pin R10-2
Add Pin To Net: Unknown Pin: Pin R28-1
Add Pin To Net: Unknown Pin: Pin R28-2
Add Pin To Net: Unknown Pin: Pin R29-1
Add Pin To Net: Unknown Pin: Pin R29-2
Added Pin To Net: NetName=NetR4_1 Pin=U1-12
Added Pin To Net: NetName=NetC3_2 Pin=U3-6
Add Class Member: Failed to add class member : Component C1 33n
Add Class Member: Failed to add class member : Component C2 33n
Add Class Member: Failed to add class member : Component C3 33n
Add Class Member: Failed to add class member : Component C4 33n
Add Class Member: Failed to add class member : Component C5 33n
Add Class Member: Failed to add class member : Component C6 33n
Add Class Member: Failed to add class member : Component R2 160k
Add Class Member: Failed to add class member : Component R3 160k
Add Class Member: Failed to add class member : Component R4 160k
Add Class Member: Failed to add class member : Component R5 160k
Add Class Member: Failed to add class member : Component R6 160k
Add Class Member: Failed to add class member : Component R7 160k
Add Class Member: Failed to add class member : Component R8 160k
Add Class Member: Failed to add class member : Component R10 160k
Add Class Member: Failed to add class member : Component R28 16k
Add Class Member: Failed to add class member : Component R29 16k
