Removed Pin From Net: NetName=+3V3 Pin=C8-1
Removed Pin From Net: NetName=+3V3 Pin=C12-1
Removed Pin From Net: NetName=+3V3 Pin=C15-1
Removed Pin From Net: NetName=+3V3 Pin=C17-1
Removed Pin From Net: NetName=+3V3 Pin=C18-1
Removed Pin From Net: NetName=+3V3 Pin=D1-2
Removed Pin From Net: NetName=+3V3 Pin=D4-2
Removed Pin From Net: NetName=+3V3 Pin=D7-2
Removed Pin From Net: NetName=+3V3 Pin=D8-2
Removed Pin From Net: NetName=+3V3 Pin=D9-2
Removed Pin From Net: NetName=+3V3 Pin=J1-5
Removed Pin From Net: NetName=+3V3 Pin=J7-1
Removed Pin From Net: NetName=+3V3 Pin=P1-1
Removed Pin From Net: NetName=+3V3 Pin=R2-1
Removed Pin From Net: NetName=+3V3 Pin=R6-1
Removed Pin From Net: NetName=+3V3 Pin=SW2-1
Removed Pin From Net: NetName=+3V3 Pin=SW3-1
Removed Pin From Net: NetName=+3V3 Pin=SW4-1
Removed Pin From Net: NetName=+3V3 Pin=U1-11
Removed Pin From Net: NetName=+3V3 Pin=U2-11
Removed Pin From Net: NetName=+3V3 Pin=U3-2
Removed Pin From Net: NetName=+3V3 Pin=U3-4
Removed Member From Class: ClassName=Sheet4 Member=C13
Added Component: Designator=J12(FP-B2B-XH-AM_LF_SN-MFG)
Add component (AddParameter): Name = "Color"; Value = "Green"; VariantName = "[No Variations]"
Add component (AddParameter): Name = "Connector Type"; Value = "Male Pin"; VariantName = "[No Variations]"
Add component (AddParameter): Name = "Contact Material"; Value = "Brass"; VariantName = "[No Variations]"
Add component (AddParameter): Name = "Contact Plating"; Value = "Tin"; VariantName = "[No Variations]"
Add component (AddParameter): Name = "Contact Resistance"; Value = "20mR"; VariantName = "[No Variations]"
Add component (AddParameter): Name = "Contact Type"; Value = "Male Pin"; VariantName = "[No Variations]"
Add component (AddParameter): Name = "Depth"; Value = "5.75mm"; VariantName = "[No Variations]"
Add component (AddParameter): Name = "Fastening Type"; Value = "Detent"; VariantName = "[No Variations]"
Add component (AddParameter): Name = "Housing Color"; Value = "White"; VariantName = "[No Variations]"
Add component (AddParameter): Name = "Housing Material"; Value = "Polyamide"; VariantName = "[No Variations]"
Add component (AddParameter): Name = "Lead Free"; Value = "Lead Free"; VariantName = "[No Variations]"
Add component (AddParameter): Name = "Length"; Value = "7.4mm"; VariantName = "[No Variations]"
Add component (AddParameter): Name = "Max Current Rating"; Value = "3A"; VariantName = "[No Variations]"
Add component (AddParameter): Name = "Max Operating Temperature"; Value = "85°C"; VariantName = "[No Variations]"
Add component (AddParameter): Name = "Max Voltage Rating (AC)"; Value = "250V"; VariantName = "[No Variations]"
Add component (AddParameter): Name = "Min Operating Temperature"; Value = "-25°C"; VariantName = "[No Variations]"
Add component (AddParameter): Name = "Mount"; Value = "Through Hole"; VariantName = "[No Variations]"
Add component (AddParameter): Name = "Number of Positions"; Value = "2"; VariantName = "[No Variations]"
Add component (AddParameter): Name = "Number of Rows"; Value = "1"; VariantName = "[No Variations]"
Add component (AddParameter): Name = "Orientation"; Value = "Straight"; VariantName = "[No Variations]"
Add component (AddParameter): Name = "Packaging"; Value = "Bulk"; VariantName = "[No Variations]"
Add component (AddParameter): Name = "Pitch"; Value = "2.5mm"; VariantName = "[No Variations]"
Add component (AddParameter): Name = "Series"; Value = "XH"; VariantName = "[No Variations]"
Add component (AddParameter): Name = "Termination"; Value = "Solder"; VariantName = "[No Variations]"
Added Pin To Net: NetName=NetB+1_1 Pin=J12-1
Added Pin To Net: NetName=+3V3 Pin=J12-2
Change Net Name : Old Net Name=+3V3 New Net Name=GND
Added Pin To Net: NetName=+3V3 Pin=C8-1
Added Pin To Net: NetName=+3V3 Pin=C12-1
Added Pin To Net: NetName=+3V3 Pin=C15-1
Added Pin To Net: NetName=+3V3 Pin=C17-1
Added Pin To Net: NetName=+3V3 Pin=C18-1
Added Pin To Net: NetName=+3V3 Pin=D1-2
Added Pin To Net: NetName=+3V3 Pin=D4-2
Added Pin To Net: NetName=+3V3 Pin=D7-2
Added Pin To Net: NetName=+3V3 Pin=D8-2
Added Pin To Net: NetName=+3V3 Pin=D9-2
Added Pin To Net: NetName=+3V3 Pin=J1-5
Added Pin To Net: NetName=+3V3 Pin=J7-1
Added Pin To Net: NetName=+3V3 Pin=P1-1
Added Pin To Net: NetName=+3V3 Pin=R2-1
Added Pin To Net: NetName=+3V3 Pin=R6-1
Added Pin To Net: NetName=+3V3 Pin=SW2-1
Added Pin To Net: NetName=+3V3 Pin=SW3-1
Added Pin To Net: NetName=+3V3 Pin=SW4-1
Added Pin To Net: NetName=+3V3 Pin=U1-11
Added Pin To Net: NetName=+3V3 Pin=U2-11
Added Pin To Net: NetName=+3V3 Pin=U3-2
Added Pin To Net: NetName=+3V3 Pin=U3-4
Added Net: Name=+3V3
Added Member To Class: ClassName=Sheet2 Member=Component J12 B2B-XH-AM(LF)(SN)
Added Rule: Name=Schematic Supply Nets_1
