Removed Member From Class: ClassName=Sheet2 Member=C8
Removed Member From Class: ClassName=Sheet2 Member=C9
Removed Member From Class: ClassName=Sheet2 Member=C12
Removed Member From Class: ClassName=Top Level Member=J8
Added Member To Class: ClassName=Sheet4 Member=Component C2 0.1uF
Added Member To Class: ClassName=Sheet4 Member=Component C4 0.1uF
Added Member To Class: ClassName=Sheet4 Member=Component C6 33nF
Added Member To Class: ClassName=Sheet4 Member=Component C11 33nF
Added Member To Class: ClassName=Sheet4 Member=Component C12 0.1uF
Added Member To Class: ClassName=Sheet4 Member=Component C14 33nF
Added Member To Class: ClassName=Sheet2 Member=Component C15 0.1uF
Added Member To Class: ClassName=Sheet2 Member=Component C16 10uF
Added Member To Class: ClassName=Sheet2 Member=Component C17 C0805C103J5RAC7210
Added Member To Class: ClassName=Sheet2 Member=Component J10 5006
Added Member To Class: ClassName=Top Level Member=Component J12 61302011821
Added Member To Class: ClassName=r Member=Component R26 10k
Added Room: Name=r
Added Room: Name=Sheet2
Added Room: Name=Sheet3
Added Room: Name=Sheet4
Added Room: Name=Top Level
