Removed Pin From Net: NetName=+3V3 Pin=GND-1
Removed Pin From Net: NetName=NetB+1_1 Pin=J12-1
Removed Pin From Net: NetName=+3V3 Pin=J12-2
Added Pin To Net: NetName=NetJ11_9 Pin=J10-6
Added Pin To Net: NetName=GND Pin=J11-14
Change Net Name : Old Net Name=NetC1_2 New Net Name=35
Change Net Name : Old Net Name=NetC3_2 New Net Name=32
Change Net Name : Old Net Name=NetC5_2 New Net Name=33
Change Net Name : Old Net Name=NetC9_1 New Net Name=34
Change Net Name : Old Net Name=NetJ11_9 New Net Name=25
Change Net Name : Old Net Name=NetJ11_10 New Net Name=26
Change Net Name : Old Net Name=NetJ11_11 New Net Name=27
Change Net Name : Old Net Name=NetJ11_12 New Net Name=14
Change Net Name : Old Net Name=NetJ11_13 New Net Name=12
Change Net Name : Old Net Name=NetJ11_15 New Net Name=13
Added Pin To Net: NetName=3v3IN Pin=J11-16
Added Pin To Net: NetName=3v3IN Pin=J11-17
Added Pin To Net: NetName=3v3IN Pin=J11-18
Added Net: Name=3v3IN
Added Pin To Net: NetName=3V3OUT Pin=J11-1
Added Net: Name=3V3OUT
Added Pin To Net: NetName=5VIN Pin=J11-19
Added Pin To Net: NetName=5VIN Pin=J11-20
Added Net: Name=5VIN
Added Pin To Net: NetName=EN Pin=J11-2
Added Net: Name=EN
Added Pin To Net: NetName=VN Pin=J11-4
Added Net: Name=VN
Added Pin To Net: NetName=VP Pin=J11-3
Added Net: Name=VP
Added Room: Name=r
Added Room: Name=Sheet2
Added Room: Name=Sheet3
Added Room: Name=Sheet4
Added Room: Name=Top Level
