Removed Pin From Net: NetName=GND Pin=J11-1
Removed Pin From Net: NetName=NetC1_2 Pin=J11-13
Removed Pin From Net: NetName=NetC3_2 Pin=J11-14
Removed Pin From Net: NetName=NetC9_1 Pin=J11-15
Removed Pin From Net: NetName=NetC5_2 Pin=J11-16
Removed Pin From Net: NetName=NetJ11_11 Pin=R22-1
Removed Pin From Net: NetName=NetJ11_11 Pin=R23-1
Removed Pin From Net: NetName=NetJ11_12 Pin=R24-1
Removed Pin From Net: NetName=NetJ11_10 Pin=R25-1
Removed Pin From Net: NetName=NetJ11_9 Pin=R29-1
Removed Pin From Net: NetName=NetJ11_12 Pin=SW2-4
Removed Pin From Net: NetName=NetJ11_10 Pin=SW3-4
Removed Pin From Net: NetName=NetJ11_9 Pin=SW4-4
Added Component: Designator=J12(FP-B2B-XH-AM_LF_SN-MFG)
Add component (AddParameter): Name = "Color"; Value = "Green"; VariantName = "[No Variations]"
Add component (AddParameter): Name = "Connector Type"; Value = "Male Pin"; VariantName = "[No Variations]"
Add component (AddParameter): Name = "Contact Material"; Value = "Brass"; VariantName = "[No Variations]"
Add component (AddParameter): Name = "Contact Plating"; Value = "Tin"; VariantName = "[No Variations]"
Add component (AddParameter): Name = "Contact Resistance"; Value = "20mR"; VariantName = "[No Variations]"
Add component (AddParameter): Name = "Contact Type"; Value = "Male Pin"; VariantName = "[No Variations]"
Add component (AddParameter): Name = "Depth"; Value = "5.75mm"; VariantName = "[No Variations]"
Add component (AddParameter): Name = "Fastening Type"; Value = "Detent"; VariantName = "[No Variations]"
Add component (AddParameter): Name = "Housing Color"; Value = "White"; VariantName = "[No Variations]"
Add component (AddParameter): Name = "Housing Material"; Value = "Polyamide"; VariantName = "[No Variations]"
Add component (AddParameter): Name = "Lead Free"; Value = "Lead Free"; VariantName = "[No Variations]"
Add component (AddParameter): Name = "Length"; Value = "7.4mm"; VariantName = "[No Variations]"
Add component (AddParameter): Name = "Max Current Rating"; Value = "3A"; VariantName = "[No Variations]"
Add component (AddParameter): Name = "Max Operating Temperature"; Value = "85°C"; VariantName = "[No Variations]"
Add component (AddParameter): Name = "Max Voltage Rating (AC)"; Value = "250V"; VariantName = "[No Variations]"
Add component (AddParameter): Name = "Min Operating Temperature"; Value = "-25°C"; VariantName = "[No Variations]"
Add component (AddParameter): Name = "Mount"; Value = "Through Hole"; VariantName = "[No Variations]"
Add component (AddParameter): Name = "Number of Positions"; Value = "2"; VariantName = "[No Variations]"
Add component (AddParameter): Name = "Number of Rows"; Value = "1"; VariantName = "[No Variations]"
Add component (AddParameter): Name = "Orientation"; Value = "Straight"; VariantName = "[No Variations]"
Add component (AddParameter): Name = "Packaging"; Value = "Bulk"; VariantName = "[No Variations]"
Add component (AddParameter): Name = "Pitch"; Value = "2.5mm"; VariantName = "[No Variations]"
Add component (AddParameter): Name = "Series"; Value = "XH"; VariantName = "[No Variations]"
Add component (AddParameter): Name = "Termination"; Value = "Solder"; VariantName = "[No Variations]"
Added Pin To Net: NetName=GND Pin=C8-1
Added Pin To Net: NetName=GND Pin=D1-2
Added Pin To Net: NetName=GND Pin=D4-2
Added Pin To Net: NetName=GND Pin=D7-2
Added Pin To Net: NetName=GND Pin=D8-2
Added Pin To Net: NetName=GND Pin=D9-2
Added Pin To Net: NetName=GND Pin=J1-5
Added Pin To Net: NetName=GND Pin=J7-1
Added Pin To Net: NetName=NetC9_1 Pin=J11-5
Added Pin To Net: NetName=NetC1_2 Pin=J11-6
Added Pin To Net: NetName=NetC3_2 Pin=J11-7
Added Pin To Net: NetName=NetC5_2 Pin=J11-8
Added Pin To Net: NetName=NetB+1_1 Pin=J12-1
Added Pin To Net: NetName=GND Pin=J12-2
Added Pin To Net: NetName=GND Pin=P1-1
Added Pin To Net: NetName=GND Pin=R2-1
Added Pin To Net: NetName=GND Pin=R6-1
Added Pin To Net: NetName=NetJ11_12 Pin=R19-1
Added Pin To Net: NetName=NetJ11_12 Pin=R20-1
Added Pin To Net: NetName=NetJ11_10 Pin=R24-1
Added Pin To Net: NetName=NetJ11_9 Pin=R25-1
Added Pin To Net: NetName=NetJ11_11 Pin=R29-1
Added Pin To Net: NetName=GND Pin=SW2-1
Added Pin To Net: NetName=NetJ11_10 Pin=SW2-4
Added Pin To Net: NetName=GND Pin=SW3-1
Added Pin To Net: NetName=NetJ11_9 Pin=SW3-4
Added Pin To Net: NetName=GND Pin=SW4-1
Added Pin To Net: NetName=NetJ11_11 Pin=SW4-4
Added Pin To Net: NetName=GND Pin=U1-11
Added Pin To Net: NetName=GND Pin=U2-11
Added Pin To Net: NetName=GND Pin=U3-2
Added Pin To Net: NetName=GND Pin=U3-4
Change Net Name : Old Net Name=GND New Net Name=+3V3
Change Net Name : Old Net Name=NetJ1_4 New Net Name=Y
Added Pin To Net: NetName=0 Pin=J10-7
Added Net: Name=0
Added Pin To Net: NetName=4 Pin=J10-8
Added Pin To Net: NetName=4 Pin=R16-1
Added Net: Name=4
Added Pin To Net: NetName=5 Pin=J10-11
Added Net: Name=5
Added Pin To Net: NetName=15 Pin=J10-5
Added Net: Name=15
Added Pin To Net: NetName=16 Pin=J10-9
Added Net: Name=16
Added Pin To Net: NetName=17 Pin=J10-10
Added Net: Name=17
Added Pin To Net: NetName=18 Pin=J10-12
Added Net: Name=18
Added Pin To Net: NetName=19 Pin=J10-13
Added Net: Name=19
Added Pin To Net: NetName=21 Pin=J10-15
Added Pin To Net: NetName=21 Pin=P1-3
Added Net: Name=21
Added Pin To Net: NetName=22 Pin=J10-18
Added Pin To Net: NetName=22 Pin=P1-4
Added Net: Name=22
Added Pin To Net: NetName=23 Pin=J1-1
Added Pin To Net: NetName=23 Pin=J10-19
Added Net: Name=23
Added Pin To Net: NetName=25 Pin=J10-6
Added Net: Name=25
Added Pin To Net: NetName=GNDin Pin=J10-1
Added Pin To Net: NetName=GNDin Pin=J10-2
Added Pin To Net: NetName=GNDin Pin=J10-3
Added Pin To Net: NetName=GNDin Pin=J10-4
Added Net: Name=GNDin
Added Pin To Net: NetName=GNDOUT Pin=J10-20
Added Net: Name=GNDOUT
Added Pin To Net: NetName=GND Pin=J10-14
Added Net: Name=GND
Added Pin To Net: NetName=NetJ11_13 Pin=J11-13
Added Pin To Net: NetName=NetJ11_13 Pin=R22-1
Added Pin To Net: NetName=NetJ11_13 Pin=R23-1
Added Net: Name=NetJ11_13
Added Pin To Net: NetName=NetJ11_15 Pin=J11-15
Added Pin To Net: NetName=NetJ11_15 Pin=R27-1
Added Pin To Net: NetName=NetJ11_15 Pin=R28-1
Added Net: Name=NetJ11_15
Added Pin To Net: NetName=RX Pin=J10-16
Added Net: Name=RX
Added Pin To Net: NetName=TX Pin=J10-17
Added Net: Name=TX
Added Pin To Net: NetName=X Pin=J1-2
Added Pin To Net: NetName=X Pin=U1-3
Added Net: Name=X
Added Pin To Net: NetName=Z Pin=J1-6
Added Pin To Net: NetName=Z Pin=U2-10
Added Net: Name=Z
Added Member To Class: ClassName=Sheet2 Member=Component B+1 5006
Added Member To Class: ClassName=Sheet2 Member=Component B-1 5006
Added Member To Class: ClassName=Sheet2 Member=Component J12 B2B-XH-AM(LF)(SN)
Added Room: Name=r
Added Room: Name=Sheet2
Added Room: Name=Sheet3
Added Room: Name=Sheet4
Added Room: Name=Top Level
