Removed Member From Class: ClassName=Sheet4 Member=C17
Removed Member From Class: ClassName=Sheet2 Member=J12
Change Component Designator: OldDesignator=C2 NewDesignator=C5
Change Component Designator: OldDesignator=C3 NewDesignator=C6
Change Component Designator: OldDesignator=C4 NewDesignator=C10
Change Component Designator: OldDesignator=C5 NewDesignator=C11
Change Component Designator: OldDesignator=C6 NewDesignator=C14
Change Component Designator: OldDesignator=C7 NewDesignator=C15
Change Component Designator: OldDesignator=C8 NewDesignator=C16
Change Component Designator: OldDesignator=C9 NewDesignator=C17
Change Component Designator: OldDesignator=C10 NewDesignator=C2
Change Component Designator: OldDesignator=C11 NewDesignator=C3
Change Component Designator: OldDesignator=C12 NewDesignator=C4
Change Component Designator: OldDesignator=C14 NewDesignator=C7
Change Component Designator: OldDesignator=C15 NewDesignator=C8
Change Component Designator: OldDesignator=C16 NewDesignator=C9
Change Component Designator: OldDesignator=C17 NewDesignator=C12
Change Component Designator: OldDesignator=C18 NewDesignator=C13
Change Component Designator: OldDesignator=J8 NewDesignator=J9
Change Component Designator: OldDesignator=J9 NewDesignator=J10
Change Component Designator: OldDesignator=J10 NewDesignator=J12
Change Component Designator: OldDesignator=J12 NewDesignator=J8
Change Component Designator: OldDesignator=R25 NewDesignator=R26
Change Component Designator: OldDesignator=R26 NewDesignator=R25
Change Net Name : Old Net Name=NetC2_1 New Net Name=NetC5_1
Change Net Name : Old Net Name=NetC3_1 New Net Name=NetC6_1
Change Net Name : Old Net Name=NetC4_1 New Net Name=NetC10_1
Change Net Name : Old Net Name=NetC5_1 New Net Name=NetC11_1
Change Net Name : Old Net Name=NetC6_1 New Net Name=NetC14_1
Change Net Name : Old Net Name=NetC7_1 New Net Name=NetC15_1
Added Member To Class: ClassName=Sheet4 Member=Component C14 33nF
Added Member To Class: ClassName=Sheet2 Member=Component J10 5006
Added Room: Name=r
Added Room: Name=Sheet2
Added Room: Name=Sheet3
Added Room: Name=Sheet4
Added Room: Name=Top Level
