Removed Pin From Net: NetName=GND Pin=C9-1
Removed Pin From Net: NetName=NetC9_2 Pin=C9-2
Removed Pin From Net: NetName=NetC5_1 Pin=J11-1
Removed Pin From Net: NetName=GND Pin=J11-2
Change Component Footprint: Designator=C9 Old Footprint=CAPC2013X94X50ML20T25 New Footprint=FP-C0805C-DN-MFG
Change Footprint: Footprint Not Found CAPC2013X95X45NL10T25
Change Footprint: Footprint Not Found CAPC2013X95X45NL10T25
Change Footprint: Footprint Not Found CAPC2013X95X45NL10T25
Change Footprint: Footprint Not Found CAPC2013X95X45NL10T25
Change Footprint: Footprint Not Found CAPC2013X95X45NL10T25
Change Footprint: Footprint Not Found CAPC2013X95X45NL10T25
Change Footprint: Footprint Not Found FP-CRCW0603-e3-MFG
Change Footprint: Footprint Not Found FP-CRCW0603-e3-MFG
Change Footprint: Footprint Not Found FP-CRCW0603-e3-MFG
Change Footprint: Footprint Not Found FP-CRCW0603-e3-MFG
Change Footprint: Footprint Not Found FP-CRCW0603-e3-MFG
Change Footprint: Footprint Not Found FP-CRCW0603-e3-MFG
Change Footprint: Footprint Not Found FP-CRCW0603-e3-MFG
Change Footprint: Footprint Not Found FP-CRCW0603-e3-MFG
Change Footprint: Footprint Not Found FP-CRCW0603-e3-MFG
Change Footprint: Footprint Not Found FP-CRCW0603-e3-MFG
Change Component Comment : Designator=C7 Old Comment=0.1µF New Comment=C0805C104J5RACTU
Change Component Comment : Designator=R9 Old Comment=3K New Comment=RMCF0805JT3K00
Change Component Comment : Designator=R25 Old Comment=5.6K New Comment=ERJ-6GEYJ563V
Change Component Comment : Designator=R15 Old Comment=10K New Comment=RMCF0805FT10K0
Change Component Comment : Designator=R18 Old Comment=10K New Comment=RMCF0805FT10K0
Change Component Comment : Designator=R21 Old Comment=10K New Comment=RMCF0805FT10K0
Change Component Comment : Designator=R22 Old Comment=10K New Comment=RMCF0805FT10K0
Change Component Comment : Designator=R23 Old Comment=10K New Comment=RMCF0805FT10K0
Change Component Comment : Designator=R26 Old Comment=10K New Comment=RMCF0805FT10K0
Change Component Comment : Designator=R27 Old Comment=10K New Comment=RMCF0805FT10K0
Change Component Comment : Designator=C9 Old Comment=10nF New Comment=C0805C103J5RAC7210
Change Component Comment : Designator=C8 Old Comment=100nF New Comment=08055C104JAZ2A
Change Component Comment : Designator=R17 Old Comment=100R New Comment=RMCF0805FT100R
Change Component Comment : Designator=R19 Old Comment=100R New Comment=RMCF0805FT100R
Change Component Comment : Designator=R24 Old Comment=100R New Comment=RMCF0805FT100R
Change Component Comment : Designator=R10 Old Comment=300R New Comment=RMCF0805JT300R
Change Component Comment : Designator=R11 Old Comment=300R New Comment=RMCF0805JT300R
Change Component Comment : Designator=R12 Old Comment=300R New Comment=RMCF0805JT300R
Change Component Comment : Designator=R13 Old Comment=300R New Comment=RMCF0805JT300R
Change Component Comment : Designator=R20 Old Comment=300R New Comment=RMCF0805JT300R
Change Component Comment : Designator=U2 Old Comment=LDO 3.3V New Comment=LD1117S33CTR
Change Component Designator: OldDesignator=B+ NewDesignator=B+1
Change Component Designator: OldDesignator=B- NewDesignator=B-1
Change Component Designator: OldDesignator=C7 NewDesignator=C8
Change Component Designator: OldDesignator=C8 NewDesignator=C7
Change Component Designator: OldDesignator=J2 NewDesignator=J5
Change Component Designator: OldDesignator=J5 NewDesignator=J2
Change Component Designator: OldDesignator=Q1 NewDesignator=Q4
Change Component Designator: OldDesignator=Q2 NewDesignator=Q3
Change Component Designator: OldDesignator=Q3 NewDesignator=Q5
Change Component Designator: OldDesignator=Q4 NewDesignator=Q1
Change Component Designator: OldDesignator=Q5 NewDesignator=Q2
Change Component Designator: OldDesignator=R1 NewDesignator=R10
Change Component Designator: OldDesignator=R9 NewDesignator=R12
Change Component Designator: OldDesignator=R10 NewDesignator=R1
Change Component Designator: OldDesignator=R11 NewDesignator=R18
Change Component Designator: OldDesignator=R12 NewDesignator=R21
Change Component Designator: OldDesignator=R17 NewDesignator=R19
Change Component Designator: OldDesignator=R18 NewDesignator=R20
Change Component Designator: OldDesignator=R19 NewDesignator=R22
Change Component Designator: OldDesignator=R20 NewDesignator=R26
Change Component Designator: OldDesignator=R21 NewDesignator=R23
Change Component Designator: OldDesignator=R22 NewDesignator=R24
Change Component Designator: OldDesignator=R23 NewDesignator=R25
Change Component Designator: OldDesignator=R24 NewDesignator=R27
Change Component Designator: OldDesignator=R25 NewDesignator=R17
Change Component Designator: OldDesignator=R26 NewDesignator=R9
Change Component Designator: OldDesignator=R27 NewDesignator=R11
Change Component Description : Designator=J5 Old Description=2.0 x 6.5 mm, 5.0 A, Horizontal, Through Hole, Tapered Pins, Dc Power Jack Connector New Description=Power Barrel Con, 2.0mm ID, 5.5mm OD, 5A
Change Component Description : Designator=R19 Old Description=100O ±1% 0.125W 0805 Thick Film Chip Resistor AEC-Q200 compliant, RMCF0805FT100R New Description=100O ±1% 0.125W 0805 Thick Film Chip Resistor AEC-Q200 compliant
Change Component Description : Designator=R22 Old Description=100O ±1% 0.125W 0805 Thick Film Chip Resistor AEC-Q200 compliant, RMCF0805FT100R New Description=100O ±1% 0.125W 0805 Thick Film Chip Resistor AEC-Q200 compliant
Change Component Description : Designator=R27 Old Description=100O ±1% 0.125W 0805 Thick Film Chip Resistor AEC-Q200 compliant, RMCF0805FT100R New Description=100O ±1% 0.125W 0805 Thick Film Chip Resistor AEC-Q200 compliant
Change Component Description : Designator=R1 Old Description=300O ±5% 0.125W 0805 Thick Film Chip Resistor AEC-Q200 compliant, RMCF0805JT300R New Description=300O ±5% 0.125W 0805 Thick Film Chip Resistor AEC-Q200 compliant
Change Component Description : Designator=R18 Old Description=300O ±5% 0.125W 0805 Thick Film Chip Resistor AEC-Q200 compliant, RMCF0805JT300R New Description=300O ±5% 0.125W 0805 Thick Film Chip Resistor AEC-Q200 compliant
Change Component Description : Designator=R21 Old Description=300O ±5% 0.125W 0805 Thick Film Chip Resistor AEC-Q200 compliant, RMCF0805JT300R New Description=300O ±5% 0.125W 0805 Thick Film Chip Resistor AEC-Q200 compliant
Change Component Description : Designator=R13 Old Description=300O ±5% 0.125W 0805 Thick Film Chip Resistor AEC-Q200 compliant, RMCF0805JT300R New Description=300O ±5% 0.125W 0805 Thick Film Chip Resistor AEC-Q200 compliant
Change Component Description : Designator=R26 Old Description=300O ±5% 0.125W 0805 Thick Film Chip Resistor AEC-Q200 compliant, RMCF0805JT300R New Description=300O ±5% 0.125W 0805 Thick Film Chip Resistor AEC-Q200 compliant
Change Component Description : Designator=C9 Old Description=CAP CER SMD 0805 .01UF X7R 5% 50, C0805C103J5RAC7210 New Description=CAP CER SMD 0805 .01UF X7R 5% 50
Change Component Description : Designator=R17 Old Description=ERJ-6GEYJ563V New Description=
Change Component Description : Designator=R15 Old Description=RES 10K OHM 1% 1/8W 0805, RMCF0805FT10K0 New Description=RES 10K OHM 1% 1/8W 0805
Change Component Description : Designator=R20 Old Description=RES 10K OHM 1% 1/8W 0805, RMCF0805FT10K0 New Description=RES 10K OHM 1% 1/8W 0805
Change Component Description : Designator=R23 Old Description=RES 10K OHM 1% 1/8W 0805, RMCF0805FT10K0 New Description=RES 10K OHM 1% 1/8W 0805
Change Component Description : Designator=R24 Old Description=RES 10K OHM 1% 1/8W 0805, RMCF0805FT10K0 New Description=RES 10K OHM 1% 1/8W 0805
Change Component Description : Designator=R25 Old Description=RES 10K OHM 1% 1/8W 0805, RMCF0805FT10K0 New Description=RES 10K OHM 1% 1/8W 0805
Change Component Description : Designator=R9 Old Description=RES 10K OHM 1% 1/8W 0805, RMCF0805FT10K0 New Description=RES 10K OHM 1% 1/8W 0805
Change Component Description : Designator=R11 Old Description=RES 10K OHM 1% 1/8W 0805, RMCF0805FT10K0 New Description=RES 10K OHM 1% 1/8W 0805
Change component parameters: Designator = "J2" ("J2"); Footprint = "CON Barrel PJ-102AH"; UniqueID = "\POUKQWWU\FRQUVGCG" ("\POUKQWWU\FRQUVGCG")
Change component parameters (AddParameter): Name = "Digikey Order"; Value = "CP-102AH-ND"; VariantName = "[No Variations]"
Change component parameters (AddParameter): Name = "Manufacturer"; Value = "CUI Devices"; VariantName = "[No Variations]"
Change component parameters (AddParameter): Name = "Manufacturer Code"; Value = "PJ-102AH"; VariantName = "[No Variations]"
Change component parameters (AddParameter): Name = "Supplier 1"; Value = "Arrow Electronics"; VariantName = "[No Variations]"
Change component parameters (AddParameter): Name = "Supplier Part Number 1"; Value = "PJ-102AH"; VariantName = "[No Variations]"
Added Pin To Net: NetName=NetC9_2 Pin=C9-1
Added Pin To Net: NetName=GND Pin=C9-2
Added Pin To Net: NetName=+3V3 Pin=R5-1
Added Pin To Net: NetName=NetR28_1 Pin=U1-12
Added Pin To Net: NetName=NetC3_2 Pin=U3-6
Change Net Name : Old Net Name=NetB+_1 New Net Name=NetB+1_1
Change Net Name : Old Net Name=NetC8_2 New Net Name=NetC7_2
Change Net Name : Old Net Name=NetC9_2 New Net Name=NetC9_1
Change Net Name : Old Net Name=NetJ2_1 New Net Name=NetJ5_1
Change Net Name : Old Net Name=NetQ1_1 New Net Name=NetQ4_1
Change Net Name : Old Net Name=NetQ1_3 New Net Name=NetQ4_3
Change Net Name : Old Net Name=NetQ2_1 New Net Name=NetQ3_1
Change Net Name : Old Net Name=NetQ2_3 New Net Name=NetQ3_3
Change Net Name : Old Net Name=NetQ3_1 New Net Name=NetQ5_1
Change Net Name : Old Net Name=NetQ3_3 New Net Name=NetQ5_3
Change Net Name : Old Net Name=NetQ4_1 New Net Name=NetQ1_1
Change Net Name : Old Net Name=NetQ4_2 New Net Name=NetQ1_2
Change Net Name : Old Net Name=NetQ5_1 New Net Name=NetQ2_1
Change Net Name : Old Net Name=NetR1_2 New Net Name=NetR4_1
Added Member To Class: ClassName=Sheet2 Member=Component B+1 5006
Added Member To Class: ClassName=Sheet2 Member=Component B-1 5006
Added Member To Class: ClassName=Sheet4 Member=Component C1 33n
Added Member To Class: ClassName=Sheet4 Member=Component C2 33n
Added Member To Class: ClassName=Sheet4 Member=Component C3 33n
Added Member To Class: ClassName=Sheet4 Member=Component C4 33n
Added Member To Class: ClassName=Sheet4 Member=Component C5 33n
Added Member To Class: ClassName=Sheet4 Member=Component C6 33n
Added Member To Class: ClassName=Sheet2 Member=Component C7 08055C104JAZ2A
Added Member To Class: ClassName=Sheet2 Member=Component C8 C0805C104J5RACTU
Added Member To Class: ClassName=Sheet2 Member=Component C9 C0805C103J5RAC7210
Added Member To Class: ClassName=Sheet3 Member=Component D1 LTST-C150KRKT
Added Member To Class: ClassName=Sheet2 Member=Component D2 CUS08F30,H3F
Added Member To Class: ClassName=Sheet2 Member=Component D3 LTST-C150KRKT
Added Member To Class: ClassName=Sheet2 Member=Component D4 LTST-C150KRKT
Added Member To Class: ClassName=Sheet2 Member=Component D5 CUS08F30,H3F
Added Member To Class: ClassName=r Member=Component D6 LTST-C150KRKT
Added Member To Class: ClassName=r Member=Component D7 LTST-C150KRKT
Added Member To Class: ClassName=r Member=Component D8 LTST-C150KRKT
Added Member To Class: ClassName=Sheet3 Member=Component J1 20021221-00006C4LF
Added Member To Class: ClassName=Sheet2 Member=Component J2 5006
Added Member To Class: ClassName=Sheet4 Member=Component J3 5006
Added Member To Class: ClassName=Sheet4 Member=Component J4 5006
Added Member To Class: ClassName=Sheet2 Member=Component J5 PJ-102AH
Added Member To Class: ClassName=Sheet2 Member=Component J6 5006
Added Member To Class: ClassName=Sheet2 Member=Component J7 5006
Added Member To Class: ClassName=Sheet2 Member=Component J8 5006
Added Member To Class: ClassName=Top Level Member=Component J9 61302011821
Added Member To Class: ClassName=Top Level Member=Component J10 61302011821
Added Member To Class: ClassName=r Member=Component P1 61300411121
Added Member To Class: ClassName=Sheet2 Member=Component Q1 SSM3J328R,LF
Added Member To Class: ClassName=Sheet2 Member=Component Q2 MMBT3904LT1G
Added Member To Class: ClassName=r Member=Component Q3 DMN2004K-7
Added Member To Class: ClassName=r Member=Component Q4 DMN2004K-7
Added Member To Class: ClassName=r Member=Component Q5 DMN2004K-7
Added Member To Class: ClassName=Sheet3 Member=Component R1 RMCF0805JT300R
Added Member To Class: ClassName=Sheet4 Member=Component R2 160k
Added Member To Class: ClassName=Sheet4 Member=Component R3 160k
Added Member To Class: ClassName=Sheet4 Member=Component R4 160k
Added Member To Class: ClassName=Sheet4 Member=Component R5 160k
Added Member To Class: ClassName=Sheet4 Member=Component R6 160k
Added Member To Class: ClassName=Sheet4 Member=Component R7 160k
Added Member To Class: ClassName=Sheet4 Member=Component R8 160k
Added Member To Class: ClassName=r Member=Component R9 RMCF0805FT10K0
Added Member To Class: ClassName=Sheet4 Member=Component R10 160k
Added Member To Class: ClassName=r Member=Component R11 RMCF0805FT10K0
Added Member To Class: ClassName=Sheet2 Member=Component R12 RMCF0805JT3K00
Added Member To Class: ClassName=Sheet2 Member=Component R13 RMCF0805JT300R
Added Member To Class: ClassName=Sheet2 Member=Component R14 RMCF0805FG100K
Added Member To Class: ClassName=Sheet2 Member=Component R15 RMCF0805FT10K0
Added Member To Class: ClassName=Sheet2 Member=Component R16 RMCF0805FT1K00
Added Member To Class: ClassName=Sheet2 Member=Component R17 ERJ-6GEYJ563V
Added Member To Class: ClassName=r Member=Component R18 RMCF0805JT300R
Added Member To Class: ClassName=r Member=Component R19 RMCF0805FT100R
Added Member To Class: ClassName=r Member=Component R20 RMCF0805FT10K0
Added Member To Class: ClassName=r Member=Component R21 RMCF0805JT300R
Added Member To Class: ClassName=r Member=Component R22 RMCF0805FT100R
Added Member To Class: ClassName=r Member=Component R23 RMCF0805FT10K0
Added Member To Class: ClassName=r Member=Component R24 RMCF0805FT10K0
Added Member To Class: ClassName=r Member=Component R25 RMCF0805FT10K0
Added Member To Class: ClassName=r Member=Component R26 RMCF0805JT300R
Added Member To Class: ClassName=r Member=Component R27 RMCF0805FT100R
Added Member To Class: ClassName=Sheet4 Member=Component R28 16k
Added Member To Class: ClassName=Sheet4 Member=Component R29 16k
Added Member To Class: ClassName=Sheet2 Member=Component SW1 CL-SB-22A-11T
Added Member To Class: ClassName=r Member=Component SW2 431481031816
Added Member To Class: ClassName=r Member=Component SW3 431481031816
Added Member To Class: ClassName=r Member=Component SW4 431481031816
Added Member To Class: ClassName=Sheet4 Member=Component U1 LM324DR2G
Added Member To Class: ClassName=Sheet2 Member=Component U2 LD1117S33CTR
Added Member To Class: ClassName=Sheet4 Member=Component U3 LM324DR2G
Added Room: Name=r
Added Room: Name=Sheet2
Added Room: Name=Sheet3
Added Room: Name=Sheet4
Added Room: Name=Top Level
